2025.12.24 21:53:34 WARN  Using H2 2.4.240 which is newer than the version Flyway has been verified with. The latest verified version of H2 is 2.3.232.
2025.12.24 21:53:38 WARN  no build target for: C:\Users\navro\AllThings\Github\Programming\Scala\build.sbt
2025.12.24 21:53:41 INFO  no build target found for C:\Users\navro\AllThings\Github\Programming\Scala\build.sbt. Using presentation compiler with project's scala-library version: 3.3.6
2025.12.24 21:53:46 INFO  no build target found for C:\Users\navro\AllThings\Github\Programming\Scala\build.sbt. Using presentation compiler with project's scala-library version: 3.3.6
Downloading https://repo1.maven.org/maven2/org/scala-lang/scala-reflect/2.13.17/scala-reflect-2.13.17.pom
Downloading https://repo1.maven.org/maven2/org/scalameta/scalafmt-core_2.13/3.10.0/scalafmt-core_2.13-3.10.0.pom
Downloaded https://repo1.maven.org/maven2/org/scala-lang/scala-reflect/2.13.17/scala-reflect-2.13.17.pom
Downloaded https://repo1.maven.org/maven2/org/scalameta/scalafmt-core_2.13/3.10.0/scalafmt-core_2.13-3.10.0.pom
Downloading https://repo1.maven.org/maven2/org/scala-lang/scala-library/2.13.17/scala-library-2.13.17.pom
Downloading https://repo1.maven.org/maven2/org/scalameta/mdoc-parser_2.13/2.8.0/mdoc-parser_2.13-2.8.0.pom
Downloading https://repo1.maven.org/maven2/org/scalameta/scalafmt-macros_2.13/3.10.0/scalafmt-macros_2.13-3.10.0.pom
Downloading https://repo1.maven.org/maven2/org/scalameta/scalafmt-config_2.13/3.10.0/scalafmt-config_2.13-3.10.0.pom
Downloaded https://repo1.maven.org/maven2/org/scalameta/scalafmt-config_2.13/3.10.0/scalafmt-config_2.13-3.10.0.pom
Downloaded https://repo1.maven.org/maven2/org/scala-lang/scala-library/2.13.17/scala-library-2.13.17.pom
Downloaded https://repo1.maven.org/maven2/org/scalameta/mdoc-parser_2.13/2.8.0/mdoc-parser_2.13-2.8.0.pom
Downloaded https://repo1.maven.org/maven2/org/scalameta/scalafmt-macros_2.13/3.10.0/scalafmt-macros_2.13-3.10.0.pom
Downloading https://repo1.maven.org/maven2/org/scalameta/metaconfig-typesafe-config_2.13/0.17.0/metaconfig-typesafe-config_2.13-0.17.0.pom
Downloading https://repo1.maven.org/maven2/org/scalameta/metaconfig-core_2.13/0.17.0/metaconfig-core_2.13-0.17.0.pom
Downloaded https://repo1.maven.org/maven2/org/scalameta/metaconfig-typesafe-config_2.13/0.17.0/metaconfig-typesafe-config_2.13-0.17.0.pom
Downloaded https://repo1.maven.org/maven2/org/scalameta/metaconfig-core_2.13/0.17.0/metaconfig-core_2.13-0.17.0.pom
Downloading https://repo1.maven.org/maven2/org/scalameta/metaconfig-pprint_2.13/0.17.0/metaconfig-pprint_2.13-0.17.0.pom
Downloaded https://repo1.maven.org/maven2/org/scalameta/metaconfig-pprint_2.13/0.17.0/metaconfig-pprint_2.13-0.17.0.pom
Downloading https://repo1.maven.org/maven2/org/scala-lang/scala-compiler/2.13.17/scala-compiler-2.13.17.pom
Downloaded https://repo1.maven.org/maven2/org/scala-lang/scala-compiler/2.13.17/scala-compiler-2.13.17.pom
Downloading https://repo1.maven.org/maven2/org/scalameta/metaconfig-pprint_2.13/0.17.0/metaconfig-pprint_2.13-0.17.0.jar
Downloading https://repo1.maven.org/maven2/org/scalameta/metaconfig-core_2.13/0.17.0/metaconfig-core_2.13-0.17.0.jar
Downloading https://repo1.maven.org/maven2/org/scala-lang/scala-reflect/2.13.17/scala-reflect-2.13.17.jar
Downloading https://repo1.maven.org/maven2/org/scalameta/metaconfig-typesafe-config_2.13/0.17.0/metaconfig-typesafe-config_2.13-0.17.0.jar
Downloading https://repo1.maven.org/maven2/org/scalameta/scalafmt-macros_2.13/3.10.0/scalafmt-macros_2.13-3.10.0.jar
Downloading https://repo1.maven.org/maven2/org/scala-lang/scala-compiler/2.13.17/scala-compiler-2.13.17.jar
Downloaded https://repo1.maven.org/maven2/org/scalameta/metaconfig-pprint_2.13/0.17.0/metaconfig-pprint_2.13-0.17.0.jar
Downloading https://repo1.maven.org/maven2/org/scala-lang/scala-library/2.13.17/scala-library-2.13.17.jar
Downloaded https://repo1.maven.org/maven2/org/scalameta/metaconfig-typesafe-config_2.13/0.17.0/metaconfig-typesafe-config_2.13-0.17.0.jar
Downloading https://repo1.maven.org/maven2/org/scalameta/mdoc-parser_2.13/2.8.0/mdoc-parser_2.13-2.8.0.jar
Downloaded https://repo1.maven.org/maven2/org/scalameta/scalafmt-macros_2.13/3.10.0/scalafmt-macros_2.13-3.10.0.jar
Downloading https://repo1.maven.org/maven2/org/scalameta/scalafmt-config_2.13/3.10.0/scalafmt-config_2.13-3.10.0.jar
Downloaded https://repo1.maven.org/maven2/org/scalameta/mdoc-parser_2.13/2.8.0/mdoc-parser_2.13-2.8.0.jar
Downloading https://repo1.maven.org/maven2/org/scalameta/scalafmt-core_2.13/3.10.0/scalafmt-core_2.13-3.10.0.jar
Downloaded https://repo1.maven.org/maven2/org/scalameta/scalafmt-config_2.13/3.10.0/scalafmt-config_2.13-3.10.0.jar
Downloaded https://repo1.maven.org/maven2/org/scalameta/metaconfig-core_2.13/0.17.0/metaconfig-core_2.13-0.17.0.jar
Downloaded https://repo1.maven.org/maven2/org/scala-lang/scala-library/2.13.17/scala-library-2.13.17.jar
Downloaded https://repo1.maven.org/maven2/org/scalameta/scalafmt-core_2.13/3.10.0/scalafmt-core_2.13-3.10.0.jar
Downloaded https://repo1.maven.org/maven2/org/scala-lang/scala-reflect/2.13.17/scala-reflect-2.13.17.jar
Downloaded https://repo1.maven.org/maven2/org/scala-lang/scala-compiler/2.13.17/scala-compiler-2.13.17.jar
Dec 24, 2025 9:54:11 P.M. org.eclipse.lsp4j.jsonrpc.services.GenericEndpoint notify
INFO: Unsupported notification method: $/setTrace
2025.12.24 21:54:27 INFO  Shutting down server
2025.12.24 21:54:27 INFO  shutting down Metals
2025.12.24 21:54:27 INFO  Exiting server
2025.12.24 21:54:27 ERROR Unexpected error initializing server: 
org.eclipse.lsp4j.jsonrpc.ResponseErrorException: Request window/showMessageRequest failed with message: Canceled
	at org.eclipse.lsp4j.jsonrpc.RemoteEndpoint.handleResponse(RemoteEndpoint.java:220)
	at org.eclipse.lsp4j.jsonrpc.RemoteEndpoint.consume(RemoteEndpoint.java:204)
	at org.eclipse.lsp4j.jsonrpc.json.StreamMessageProducer.handleMessage(StreamMessageProducer.java:185)
	at org.eclipse.lsp4j.jsonrpc.json.StreamMessageProducer.listen(StreamMessageProducer.java:97)
	at org.eclipse.lsp4j.jsonrpc.json.ConcurrentMessageProcessor.run(ConcurrentMessageProcessor.java:114)
	at java.util.concurrent.Executors$RunnableAdapter.call(Executors.java:572)
	at java.util.concurrent.FutureTask.run(FutureTask.java:317)
	at java.util.concurrent.ThreadPoolExecutor.runWorker(ThreadPoolExecutor.java:1144)
	at java.util.concurrent.ThreadPoolExecutor$Worker.run(ThreadPoolExecutor.java:642)
	at java.lang.Thread.run(Thread.java:1583)

2025.12.24 21:54:51 INFO  Started: Metals version 1.6.4 in folders 'C:\Users\navro\AllThings\Github\Programming\Scala' for client Visual Studio Code 1.107.1.
2025.12.24 21:54:52 WARN  Using H2 2.4.240 which is newer than the version Flyway has been verified with. The latest verified version of H2 is 2.3.232.
